{
  "RSpec": {
    "coverage": {
      "/Users/logancole/turing_work/3mod/viewing-party/app/channels/application_cable/channel.rb": {
        "lines": [
          0,
          0,
          0,
          0
        ],
        "branches": {
        }
      },
      "/Users/logancole/turing_work/3mod/viewing-party/app/channels/application_cable/connection.rb": {
        "lines": [
          0,
          0,
          0,
          0
        ],
        "branches": {
        }
      },
      "/Users/logancole/turing_work/3mod/viewing-party/app/controllers/application_controller.rb": {
        "lines": [
          0,
          0
        ],
        "branches": {
        }
      },
      "/Users/logancole/turing_work/3mod/viewing-party/app/helpers/application_helper.rb": {
        "lines": [
          0,
          0
        ],
        "branches": {
        }
      },
      "/Users/logancole/turing_work/3mod/viewing-party/app/jobs/application_job.rb": {
        "lines": [
          0,
          null,
          null,
          null,
          null,
          null,
          0
        ],
        "branches": {
        }
      },
      "/Users/logancole/turing_work/3mod/viewing-party/app/mailers/application_mailer.rb": {
        "lines": [
          0,
          0,
          0,
          0
        ],
        "branches": {
        }
      },
      "/Users/logancole/turing_work/3mod/viewing-party/app/models/application_record.rb": {
        "lines": [
          0,
          0,
          0
        ],
        "branches": {
        }
      },
      "/Users/logancole/turing_work/3mod/viewing-party/app/models/user.rb": {
        "lines": [
          0,
          0
        ],
        "branches": {
        }
      },
      "/Users/logancole/turing_work/3mod/viewing-party/app/models/user_viewing_party.rb": {
        "lines": [
          0,
          0,
          0,
          0
        ],
        "branches": {
        }
      },
      "/Users/logancole/turing_work/3mod/viewing-party/app/models/viewing_party.rb": {
        "lines": [
          0,
          0
        ],
        "branches": {
        }
      },
      "/Users/logancole/turing_work/3mod/viewing-party/app/poros/movie.rb": {
        "lines": [
          0,
          0,
          0,
          0,
          0,
          0,
          0,
          0,
          0,
          0,
          0,
          0,
          0,
          0,
          0,
          0,
          0,
          0,
          0,
          0,
          0,
          0,
          0,
          0,
          0
        ],
        "branches": {
        }
      },
      "/Users/logancole/turing_work/3mod/viewing-party/app/services/tmdb_service.rb": {
        "lines": [
          0,
          0,
          0,
          0,
          0,
          0
        ],
        "branches": {
        }
      }
    },
    "timestamp": 1683734861
  },
  "Unit Tests": {
    "coverage": {
      "/Users/logancole/turing_work/3mod/viewing-party/app/helpers/application_helper.rb": {
        "lines": [
          1,
          null
        ]
      },
      "/Users/logancole/turing_work/3mod/viewing-party/app/models/user.rb": {
        "lines": [
          1,
          null
        ]
      },
      "/Users/logancole/turing_work/3mod/viewing-party/app/models/application_record.rb": {
        "lines": [
          1,
          1,
          null
        ]
      },
      "/Users/logancole/turing_work/3mod/viewing-party/app/channels/application_cable/channel.rb": {
        "lines": [
          0,
          0,
          0,
          0
        ],
        "branches": {
        }
      },
      "/Users/logancole/turing_work/3mod/viewing-party/app/channels/application_cable/connection.rb": {
        "lines": [
          0,
          0,
          0,
          0
        ],
        "branches": {
        }
      },
      "/Users/logancole/turing_work/3mod/viewing-party/app/controllers/application_controller.rb": {
        "lines": [
          0,
          0
        ],
        "branches": {
        }
      },
      "/Users/logancole/turing_work/3mod/viewing-party/app/jobs/application_job.rb": {
        "lines": [
          0,
          null,
          null,
          null,
          null,
          null,
          0
        ],
        "branches": {
        }
      },
      "/Users/logancole/turing_work/3mod/viewing-party/app/mailers/application_mailer.rb": {
        "lines": [
          0,
          0,
          0,
          0
        ],
        "branches": {
        }
      },
      "/Users/logancole/turing_work/3mod/viewing-party/app/models/user_viewing_party.rb": {
        "lines": [
          0,
          0,
          0,
          0
        ],
        "branches": {
        }
      },
      "/Users/logancole/turing_work/3mod/viewing-party/app/models/viewing_party.rb": {
        "lines": [
          0,
          0
        ],
        "branches": {
        }
      },
      "/Users/logancole/turing_work/3mod/viewing-party/app/poros/movie.rb": {
        "lines": [
          0,
          0,
          0,
          0,
          0,
          0,
          0,
          0,
          0,
          0,
          0,
          0,
          0,
          0,
          0,
          0,
          0,
          0,
          0,
          0,
          0,
          0,
          0,
          0,
          0
        ],
        "branches": {
        }
      },
      "/Users/logancole/turing_work/3mod/viewing-party/app/services/tmdb_service.rb": {
        "lines": [
          0,
          0,
          0,
          0,
          0,
          0
        ],
        "branches": {
        }
      }
    },
    "timestamp": 1683734874
  }
}
